<?xml version="1.0" encoding="utf-8" standalone="no"?>
<!--This file represents the results of running a test suite-->
<test-results name="C:\Users\Rastislav\Documents\workspace\myexamples\FSharpApplied\CafeApp\tests\CafeApp.Core.Tests.dll" total="1" errors="0" failures="0" not-run="0" inconclusive="0" ignored="0" skipped="0" invalid="0" date="2016-07-31" time="22:27:17">
  <environment nunit-version="2.6.4.14350" clr-version="2.0.50727.8689" os-version="Microsoft Windows NT 6.2.9200.0" platform="Win32NT" cwd="C:\Users\Rastislav\Documents\workspace\myexamples\FSharpApplied\CafeApp" machine-name="SVR-NB" user="Rastislav" user-domain="SVR-NB" />
  <culture-info current-culture="sk-SK" current-uiculture="en-US" />
  <test-suite type="Assembly" name="C:\Users\Rastislav\Documents\workspace\myexamples\FSharpApplied\CafeApp\tests\CafeApp.Core.Tests.dll" executed="True" result="Success" success="True" time="0.122" asserts="0">
    <results>
      <test-suite type="Namespace" name="CafeApp" executed="True" result="Success" success="True" time="0.099" asserts="0">
        <results>
          <test-suite type="Namespace" name="Core" executed="True" result="Success" success="True" time="0.098" asserts="0">
            <results>
              <test-suite type="Namespace" name="Tests" executed="True" result="Success" success="True" time="0.098" asserts="0">
                <results>
                  <test-suite type="TestFixture" name="UnitTests" executed="True" result="Success" success="True" time="0.096" asserts="0">
                    <results>
                      <test-case name="CafeApp.Core.Tests.UnitTests.Sample Test" executed="True" result="Success" success="True" time="0.081" asserts="1" />
                    </results>
                  </test-suite>
                </results>
              </test-suite>
            </results>
          </test-suite>
        </results>
      </test-suite>
    </results>
  </test-suite>
</test-results>